# JRE version: OpenJDK Runtime Environment (8.0_131-b11) (build 1.8.0_131-8u131-b11-2ubuntu1.16.04.3-b11)
# Java VM: OpenJDK 64-Bit Server VM (25.131-b11 mixed mode linux-amd64 compressed oops)
Heap:
 PSYoungGen      total 883200K, used 374901K [0x000000076ab00000, 0x00000007bec00000, 0x00000007c0000000)
  eden space 417280K, 0% used [0x000000076ab00000,0x000000076ab00000,0x0000000784280000)
  from space 465920K, 80% used [0x0000000784280000,0x000000079b09d440,0x00000007a0980000)
  to   space 465920K, 0% used [0x00000007a2500000,0x00000007a2500000,0x00000007bec00000)
 ParOldGen       total 1835520K, used 1835090K [0x00000006c0000000, 0x0000000730080000, 0x000000076ab00000)
  object space 1835520K, 99% used [0x00000006c0000000,0x0000000730014958,0x0000000730080000)
 Metaspace       used 16370K, capacity 16808K, committed 17152K, reserved 1064960K
  class space    used 1856K, capacity 1980K, committed 2048K, reserved 1048576K
GC Heap History (10 events):
Event: 53.147 GC heap after
Heap after GC invocations=50 (full 6):
 PSYoungGen      total 861696K, used 465888K [0x000000076ab00000, 0x00000007bbc80000, 0x00000007c0000000)
  eden space 395776K, 0% used [0x000000076ab00000,0x000000076ab00000,0x0000000782d80000)
  from space 465920K, 99% used [0x000000079f480000,0x00000007bbb78050,0x00000007bbb80000)
  to   space 465920K, 0% used [0x0000000782d80000,0x0000000782d80000,0x000000079f480000)
 ParOldGen       total 1340416K, used 1225026K [0x00000006c0000000, 0x0000000711d00000, 0x000000076ab00000)
  object space 1340416K, 91% used [0x00000006c0000000,0x000000070ac508b8,0x0000000711d00000)
 Metaspace       used 16331K, capacity 16808K, committed 17152K, reserved 1064960K
  class space    used 1855K, capacity 1980K, committed 2048K, reserved 1048576K
}
Event: 53.147 GC heap before
{Heap before GC invocations=51 (full 7):
 PSYoungGen      total 861696K, used 465888K [0x000000076ab00000, 0x00000007bbc80000, 0x00000007c0000000)
  eden space 395776K, 0% used [0x000000076ab00000,0x000000076ab00000,0x0000000782d80000)
  from space 465920K, 99% used [0x000000079f480000,0x00000007bbb78050,0x00000007bbb80000)
  to   space 465920K, 0% used [0x0000000782d80000,0x0000000782d80000,0x000000079f480000)
 ParOldGen       total 1340416K, used 1225026K [0x00000006c0000000, 0x0000000711d00000, 0x000000076ab00000)
  object space 1340416K, 91% used [0x00000006c0000000,0x000000070ac508b8,0x0000000711d00000)
 Metaspace       used 16331K, capacity 16808K, committed 17152K, reserved 1064960K
  class space    used 1855K, capacity 1980K, committed 2048K, reserved 1048576K
Event: 60.668 GC heap after
Heap after GC invocations=51 (full 7):
 PSYoungGen      total 861696K, used 348804K [0x000000076ab00000, 0x00000007bbc80000, 0x00000007c0000000)
  eden space 395776K, 0% used [0x000000076ab00000,0x000000076ab00000,0x0000000782d80000)
  from space 465920K, 74% used [0x000000079f480000,0x00000007b4921068,0x00000007bbb80000)
  to   space 465920K, 0% used [0x0000000782d80000,0x0000000782d80000,0x000000079f480000)
 ParOldGen       total 1835520K, used 1340149K [0x00000006c0000000, 0x0000000730080000, 0x000000076ab00000)
  object space 1835520K, 73% used [0x00000006c0000000,0x0000000711cbd6f0,0x0000000730080000)
 Metaspace       used 16331K, capacity 16808K, committed 17152K, reserved 1064960K
  class space    used 1855K, capacity 1980K, committed 2048K, reserved 1048576K
}
Event: 62.093 GC heap before
{Heap before GC invocations=52 (full 7):
 PSYoungGen      total 861696K, used 744580K [0x000000076ab00000, 0x00000007bbc80000, 0x00000007c0000000)
  eden space 395776K, 100% used [0x000000076ab00000,0x0000000782d80000,0x0000000782d80000)
  from space 465920K, 74% used [0x000000079f480000,0x00000007b4921068,0x00000007bbb80000)
  to   space 465920K, 0% used [0x0000000782d80000,0x0000000782d80000,0x000000079f480000)
 ParOldGen       total 1835520K, used 1340149K [0x00000006c0000000, 0x0000000730080000, 0x000000076ab00000)
  object space 1835520K, 73% used [0x00000006c0000000,0x0000000711cbd6f0,0x0000000730080000)
 Metaspace       used 16370K, capacity 16808K, committed 17152K, reserved 1064960K
  class space    used 1856K, capacity 1980K, committed 2048K, reserved 1048576K
Event: 62.604 GC heap after
Heap after GC invocations=52 (full 7):
 PSYoungGen      total 861696K, used 465888K [0x000000076ab00000, 0x00000007bd080000, 0x00000007c0000000)
  eden space 395776K, 0% used [0x000000076ab00000,0x000000076ab00000,0x0000000782d80000)
  from space 465920K, 99% used [0x0000000782d80000,0x000000079f478060,0x000000079f480000)
  to   space 465920K, 0% used [0x00000007a0980000,0x00000007a0980000,0x00000007bd080000)
 ParOldGen       total 1835520K, used 1382898K [0x00000006c0000000, 0x0000000730080000, 0x000000076ab00000)
  object space 1835520K, 75% used [0x00000006c0000000,0x000000071467ca58,0x0000000730080000)
 Metaspace       used 16370K, capacity 16808K, committed 17152K, reserved 1064960K
  class space    used 1856K, capacity 1980K, committed 2048K, reserved 1048576K
}
Event: 64.070 GC heap before
{Heap before GC invocations=53 (full 7):
 PSYoungGen      total 861696K, used 861664K [0x000000076ab00000, 0x00000007bd080000, 0x00000007c0000000)
  eden space 395776K, 100% used [0x000000076ab00000,0x0000000782d80000,0x0000000782d80000)
  from space 465920K, 99% used [0x0000000782d80000,0x000000079f478060,0x000000079f480000)
  to   space 465920K, 0% used [0x00000007a0980000,0x00000007a0980000,0x00000007bd080000)
 ParOldGen       total 1835520K, used 1382898K [0x00000006c0000000, 0x0000000730080000, 0x000000076ab00000)
  object space 1835520K, 75% used [0x00000006c0000000,0x000000071467ca58,0x0000000730080000)
 Metaspace       used 16370K, capacity 16808K, committed 17152K, reserved 1064960K
  class space    used 1856K, capacity 1980K, committed 2048K, reserved 1048576K
Event: 64.620 GC heap after
Heap after GC invocations=53 (full 7):
 PSYoungGen      total 883200K, used 465888K [0x000000076ab00000, 0x00000007bd400000, 0x00000007c0000000)
  eden space 417280K, 0% used [0x000000076ab00000,0x000000076ab00000,0x0000000784280000)
  from space 465920K, 99% used [0x00000007a0980000,0x00000007bd078060,0x00000007bd080000)
  to   space 465920K, 0% used [0x0000000784280000,0x0000000784280000,0x00000007a0980000)
 ParOldGen       total 1835520K, used 1567538K [0x00000006c0000000, 0x0000000730080000, 0x000000076ab00000)
  object space 1835520K, 85% used [0x00000006c0000000,0x000000071facca58,0x0000000730080000)
 Metaspace       used 16370K, capacity 16808K, committed 17152K, reserved 1064960K
  class space    used 1856K, capacity 1980K, committed 2048K, reserved 1048576K
}
Event: 66.317 GC heap before
{Heap before GC invocations=54 (full 7):
 PSYoungGen      total 883200K, used 844346K [0x000000076ab00000, 0x00000007bd400000, 0x00000007c0000000)
  eden space 417280K, 90% used [0x000000076ab00000,0x0000000781c96818,0x0000000784280000)
  from space 465920K, 99% used [0x00000007a0980000,0x00000007bd078060,0x00000007bd080000)
  to   space 465920K, 0% used [0x0000000784280000,0x0000000784280000,0x00000007a0980000)
 ParOldGen       total 1835520K, used 1567538K [0x00000006c0000000, 0x0000000730080000, 0x000000076ab00000)
  object space 1835520K, 85% used [0x00000006c0000000,0x000000071facca58,0x0000000730080000)
 Metaspace       used 16370K, capacity 16808K, committed 17152K, reserved 1064960K
  class space    used 1856K, capacity 1980K, committed 2048K, reserved 1048576K
Event: 66.895 GC heap after
Heap after GC invocations=54 (full 7):
 PSYoungGen      total 883200K, used 465888K [0x000000076ab00000, 0x00000007bec00000, 0x00000007c0000000)
  eden space 417280K, 0% used [0x000000076ab00000,0x000000076ab00000,0x0000000784280000)
  from space 465920K, 99% used [0x0000000784280000,0x00000007a0978070,0x00000007a0980000)
  to   space 465920K, 0% used [0x00000007a2500000,0x00000007a2500000,0x00000007bec00000)
 ParOldGen       total 1835520K, used 1746290K [0x00000006c0000000, 0x0000000730080000, 0x000000076ab00000)
  object space 1835520K, 95% used [0x00000006c0000000,0x000000072a95ca58,0x0000000730080000)
 Metaspace       used 16370K, capacity 16808K, committed 17152K, reserved 1064960K
  class space    used 1856K, capacity 1980K, committed 2048K, reserved 1048576K
}
Event: 66.895 GC heap before
{Heap before GC invocations=55 (full 8):
 PSYoungGen      total 883200K, used 465888K [0x000000076ab00000, 0x00000007bec00000, 0x00000007c0000000)
  eden space 417280K, 0% used [0x000000076ab00000,0x000000076ab00000,0x0000000784280000)
  from space 465920K, 99% used [0x0000000784280000,0x00000007a0978070,0x00000007a0980000)
  to   space 465920K, 0% used [0x00000007a2500000,0x00000007a2500000,0x00000007bec00000)
 ParOldGen       total 1835520K, used 1746290K [0x00000006c0000000, 0x0000000730080000, 0x000000076ab00000)
  object space 1835520K, 95% used [0x00000006c0000000,0x000000072a95ca58,0x0000000730080000)
 Metaspace       used 16370K, capacity 16808K, committed 17152K, reserved 1064960K
  class space    used 1856K, capacity 1980K, committed 2048K, reserved 1048576K

